#
# An unexpected error has occurred (6)
#
Stack:
/lib64/libc.so.6(+0x3cb20) [0x7f17e605fb20]
/lib64/libc.so.6(+0x8ce5c) [0x7f17e60afe5c]
/lib64/libc.so.6(gsignal+0x16) [0x7f17e605fa76]
/lib64/libc.so.6(abort+0xd7) [0x7f17e60497fc]
/lib64/libc.so.6(+0x2671b) [0x7f17e604971b]
/lib64/libc.so.6(+0x35656) [0x7f17e6058656]
/lib64/libc.so.6(+0x93368) [0x7f17e60b6368]
/lib64/libc.so.6(+0x8dd6f) [0x7f17e60b0d6f]
/home/fredrik/Xilinx/Vivado/2022.2/lib/lnx64.o/libboost_thread.so(+0x1a538) [0x7f17e401a538]
/home/fredrik/Xilinx/Vivado/2022.2/lib/lnx64.o/libboost_thread.so(boost::thread::native_handle()+0x26) [0x7f17e40141d6]
/home/fredrik/Xilinx/Vivado/2022.2/lib/lnx64.o/librdi_simbridge_kernel.so(SimBridge::WdbSharedMemReader::~WdbSharedMemReader()+0x1b) [0x7f17cd1c7d0b]
/home/fredrik/Xilinx/Vivado/2022.2/lib/lnx64.o/librdi_simbridge_kernel.so(SimBridge::WdbLiveReader::~WdbLiveReader()+0x53) [0x7f17cd1b6863]
/home/fredrik/Xilinx/Vivado/2022.2/lib/lnx64.o/librdi_simbridge_kernel.so(SimBridge::WdbLiveReader::~WdbLiveReader()+0x9) [0x7f17cd1b6b19]
/home/fredrik/Xilinx/Vivado/2022.2/lib/lnx64.o/librdi_wavedata.so(SimBridge::DataObjMgr::~DataObjMgr()+0x39) [0x7f17a9484799]
/home/fredrik/Xilinx/Vivado/2022.2/lib/lnx64.o/librdi_wavedata.so(+0x2a6442) [0x7f17a94a6442]
/home/fredrik/Xilinx/Vivado/2022.2/lib/lnx64.o/librdi_wavedata.so(SimBridge::DataReader::~DataReader()+0x28) [0x7f17a94959c8]
/home/fredrik/Xilinx/Vivado/2022.2/lib/lnx64.o/librdi_wavedata.so(+0x2ebaea) [0x7f17a94ebaea]
/home/fredrik/Xilinx/Vivado/2022.2/lib/lnx64.o/librdi_wavedata.so(SimBridge::LiveSimClient::~LiveSimClient()+0x9) [0x7f17a94ea409]
/home/fredrik/Xilinx/Vivado/2022.2/lib/lnx64.o/librdi_simdata.so(RSDData::RSDLiveSimulationObject::closeLiveSimClient()+0x6b) [0x7f17dd95c85b]
/home/fredrik/Xilinx/Vivado/2022.2/lib/lnx64.o/librdi_simdata.so(RSDData::RSDLiveSimulationObject::convertToStatic()+0xe3) [0x7f17dd95cb53]
/home/fredrik/Xilinx/Vivado/2022.2/lib/lnx64.o/librdi_simtcltasks.so(+0x22a967) [0x7f175962a967]
/home/fredrik/Xilinx/Vivado/2022.2/lib/lnx64.o/librdi_common.so(+0xb9430f) [0x7f17e719430f]
/home/fredrik/Xilinx/Vivado/2022.2/lib/lnx64.o/libtcl8.5.so(+0x3356f) [0x7f17e0a3356f]
/home/fredrik/Xilinx/Vivado/2022.2/lib/lnx64.o/libtcl8.5.so(+0x76945) [0x7f17e0a76945]
/home/fredrik/Xilinx/Vivado/2022.2/lib/lnx64.o/libtcl8.5.so(+0x7e0f9) [0x7f17e0a7e0f9]
/home/fredrik/Xilinx/Vivado/2022.2/lib/lnx64.o/libtcl8.5.so(TclEvalObjEx+0x76) [0x7f17e0a35216]
/home/fredrik/Xilinx/Vivado/2022.2/lib/lnx64.o/librdi_common.so(hdi::tcltasks::task_manager::eval_in_tcl(Tcl_Interp*, Tcl_Obj*, char const*, bool)+0x7ad) [0x7f17e71926fd]
/home/fredrik/Xilinx/Vivado/2022.2/lib/lnx64.o/librdi_common.so(hdi::tcltasks::task_manager::eval_in_tcl(Tcl_Interp*, char const*, char const*, bool)+0xda) [0x7f17e7192d4a]
/home/fredrik/Xilinx/Vivado/2022.2/lib/lnx64.o/librdi_common.so(hdi::tcltasks::task_manager::eval_in_tcl_throw(Tcl_Interp*, char const*, char const*, bool)+0x9) [0x7f17e7192dd9]
/home/fredrik/Xilinx/Vivado/2022.2/lib/lnx64.o/librdi_simtcltasks.so(+0x20ed76) [0x7f175960ed76]
/home/fredrik/Xilinx/Vivado/2022.2/lib/lnx64.o/librdi_common.so(+0xb9430f) [0x7f17e719430f]
/home/fredrik/Xilinx/Vivado/2022.2/lib/lnx64.o/libtcl8.5.so(+0x3356f) [0x7f17e0a3356f]
/home/fredrik/Xilinx/Vivado/2022.2/lib/lnx64.o/libtcl8.5.so(+0x76945) [0x7f17e0a76945]
/home/fredrik/Xilinx/Vivado/2022.2/lib/lnx64.o/libtcl8.5.so(+0x7e0f9) [0x7f17e0a7e0f9]
/home/fredrik/Xilinx/Vivado/2022.2/lib/lnx64.o/libtcl8.5.so(TclEvalObjEx+0x76) [0x7f17e0a35216]
/home/fredrik/Xilinx/Vivado/2022.2/lib/lnx64.o/librdi_common.so(+0xb91c33) [0x7f17e7191c33]
/home/fredrik/Xilinx/Vivado/2022.2/lib/lnx64.o/libtcl8.5.so(Tcl_ServiceEvent+0x7f) [0x7f17e0aa7bef]
/home/fredrik/Xilinx/Vivado/2022.2/lib/lnx64.o/libtcl8.5.so(Tcl_DoOneEvent+0x154) [0x7f17e0aa7f24]
/home/fredrik/Xilinx/Vivado/2022.2/lib/lnx64.o/librdi_commontasks.so(+0x2b3c27) [0x7f17cccb3c27]
/home/fredrik/Xilinx/Vivado/2022.2/lib/lnx64.o/librdi_commontasks.so(+0x2bc4f7) [0x7f17cccbc4f7]
/home/fredrik/Xilinx/Vivado/2022.2/lib/lnx64.o/librdi_commontasks.so(+0x2bcdff) [0x7f17cccbcdff]
/home/fredrik/Xilinx/Vivado/2022.2/lib/lnx64.o/librdi_common.so(+0xb9430f) [0x7f17e719430f]
/home/fredrik/Xilinx/Vivado/2022.2/lib/lnx64.o/libtcl8.5.so(+0x3356f) [0x7f17e0a3356f]
/home/fredrik/Xilinx/Vivado/2022.2/lib/lnx64.o/libtcl8.5.so(+0x76945) [0x7f17e0a76945]
/home/fredrik/Xilinx/Vivado/2022.2/lib/lnx64.o/libtcl8.5.so(+0x7e0f9) [0x7f17e0a7e0f9]
/home/fredrik/Xilinx/Vivado/2022.2/lib/lnx64.o/libtcl8.5.so(TclEvalObjEx+0x76) [0x7f17e0a35216]
/home/fredrik/Xilinx/Vivado/2022.2/lib/lnx64.o/librdi_commonmain.so(+0xc3d8) [0x7f17e7c923d8]
/home/fredrik/Xilinx/Vivado/2022.2/lib/lnx64.o/libtcl8.5.so(Tcl_Main+0x1d0) [0x7f17e0aa02f0]
/home/fredrik/Xilinx/Vivado/2022.2/lib/lnx64.o/librdi_common.so(+0xbc17ab) [0x7f17e71c17ab]
/lib64/libc.so.6(+0x8b12d) [0x7f17e60ae12d]
/lib64/libc.so.6(+0x10cbc0) [0x7f17e612fbc0]
